<?xml version="1.0" encoding="UTF-8"?>
<testsuite name="SheepTester" tests="1" skipped="0" failures="0" errors="0" timestamp="2022-07-05T13:30:35" hostname="Marwan-Salem.local" time="0.036">
  <properties/>
  <testcase name="getConstructors()" classname="SheepTester" time="0.036"/>
  <system-out><![CDATA[public com.incorta.observability.java.reflection.Sheep()
public com.incorta.observability.java.reflection.Sheep(java.lang.String)
public com.incorta.observability.java.reflection.Sheep(java.lang.String,java.lang.String,java.lang.String,double,java.lang.String)
Sheep{id='007', name='5aroofna', nickName='el ghada', weight=50.0, owner='el team'}
]]></system-out>
  <system-err><![CDATA[]]></system-err>
</testsuite>
